<?xml version="1.0" encoding="UTF-8"?>
<!-- Generated by org.testng.reporters.JUnitReportReporter -->
<testsuite skipped="0" hostname="LAPTOP-Q7E6F0R0" name="com.Tests.GetRequests" tests="1" failures="0" timestamp="26 Jan 2021 06:23:23 GMT" time="2.970" errors="0">
  <testcase name="GetTest" time="2.970" classname="com.Tests.GetRequests"/>
</testsuite> <!-- com.Tests.GetRequests -->
