<?xml version="1.0" encoding="UTF-8"?>
<!-- Generated by org.testng.reporters.JUnitReportReporter -->
<testsuite skipped="0" hostname="LAPTOP-Q7E6F0R0" name="com.Tests.GetHeaders" tests="1" failures="0" timestamp="26 Jan 2021 07:30:07 GMT" time="2.661" errors="0">
  <testcase name="GetHeaderTest" time="2.661" classname="com.Tests.GetHeaders"/>
</testsuite> <!-- com.Tests.GetHeaders -->
