<?xml version="1.0" encoding="UTF-8"?>
<!-- Generated by org.testng.reporters.JUnitReportReporter -->
<testsuite skipped="0" hostname="LAPTOP-Q7E6F0R0" name="com.Tests.GetResponseJSON" tests="1" failures="0" timestamp="26 Jan 2021 07:43:47 GMT" time="4.201" errors="0">
  <testcase name="GetHeaderTest" time="4.201" classname="com.Tests.GetResponseJSON"/>
</testsuite> <!-- com.Tests.GetResponseJSON -->
