<?xml version="1.0" encoding="UTF-8"?>
<!-- Generated by org.testng.reporters.JUnitReportReporter -->
<testsuite name="com.WindowUtils.ChromeTest" tests="5" time="0.018" ignored="0" failures="0" timestamp="08 Jul 2021 09:39:11 GMT" skipped="0" hostname="NOD-PER-8055" errors="0">
  <testcase name="ChromeDriverTest" time="0.002" classname="com.WindowUtils.ChromeTest"/>
  <testcase name="Qest1" time="0.000" classname="com.WindowUtils.ChromeTest"/>
  <testcase name="Best2" time="0.000" classname="com.WindowUtils.ChromeTest"/>
  <testcase name="Dest3" time="0.002" classname="com.WindowUtils.ChromeTest"/>
  <testcase name="Aa" time="0.014" classname="com.WindowUtils.ChromeTest"/>
</testsuite> <!-- com.WindowUtils.ChromeTest -->
