<?xml version="1.0" encoding="UTF-8"?>
<!-- Generated by org.testng.reporters.JUnitReportReporter -->
<testsuite name="com.SupressChromeWarning.ChromeTest" tests="1" time="42.114" ignored="0" failures="0" timestamp="24 Dec 2020 09:49:57 GMT" skipped="0" hostname="LAPTOP-Q7E6F0R0" errors="0">
  <testcase name="ChromeDriverTest" time="42.114" classname="com.SupressChromeWarning.ChromeTest"/>
</testsuite> <!-- com.SupressChromeWarning.ChromeTest -->
