<?xml version="1.0" encoding="UTF-8"?>
<!-- Generated by org.testng.reporters.JUnitReportReporter -->
<testsuite name="com.ToolTip.ChromeTest" tests="1" time="35.485" ignored="0" failures="0" timestamp="24 Dec 2020 08:39:32 GMT" skipped="0" hostname="LAPTOP-Q7E6F0R0" errors="0">
  <testcase name="ChromeDriverTest" time="35.485" classname="com.ToolTip.ChromeTest"/>
</testsuite> <!-- com.ToolTip.ChromeTest -->
