<?xml version="1.0" encoding="UTF-8"?>
<!-- Generated by org.testng.reporters.JUnitReportReporter -->
<testsuite name="com.OCR.ReadCaptcha" tests="1" time="65.123" ignored="0" failures="0" timestamp="13 Jul 2021 00:27:37 GMT" skipped="0" hostname="NOD-PER-8055" errors="1">
  <testcase name="ReadCaptchaData" time="65.123" classname="com.OCR.ReadCaptcha">
    <error type="java.lang.UnsatisfiedLinkError" message="The specified module could not be found.
">
      <![CDATA[java.lang.UnsatisfiedLinkError: The specified module could not be found.

	at com.sun.jna.Native.open(Native Method)
	at com.sun.jna.Native.open(Native.java:1759)
	at com.sun.jna.NativeLibrary.loadLibrary(NativeLibrary.java:260)
	at com.sun.jna.NativeLibrary.getInstance(NativeLibrary.java:398)
	at com.sun.jna.Library$Handler.<init>(Library.java:147)
	at com.sun.jna.Native.loadLibrary(Native.java:412)
	at com.sun.jna.Native.loadLibrary(Native.java:391)
	at net.sourceforge.tess4j.util.LoadLibs.getTessAPIInstance(LoadLibs.java:85)
	at net.sourceforge.tess4j.TessAPI.<clinit>(TessAPI.java:42)
	at net.sourceforge.tess4j.Tesseract.init(Tesseract.java:427)
	at net.sourceforge.tess4j.Tesseract.doOCR(Tesseract.java:223)
	at net.sourceforge.tess4j.Tesseract.doOCR(Tesseract.java:195)
	at com.OCR.ReadCaptcha.ReadCaptchaData(ReadCaptcha.java:30)
	at sun.reflect.NativeMethodAccessorImpl.invoke0(Native Method)
	at sun.reflect.NativeMethodAccessorImpl.invoke(NativeMethodAccessorImpl.java:62)
	at sun.reflect.DelegatingMethodAccessorImpl.invoke(DelegatingMethodAccessorImpl.java:43)
	at java.lang.reflect.Method.invoke(Method.java:498)
	at org.testng.internal.MethodInvocationHelper.invokeMethod(MethodInvocationHelper.java:104)
	at org.testng.internal.Invoker.invokeMethod(Invoker.java:645)
	at org.testng.internal.Invoker.invokeTestMethod(Invoker.java:851)
	at org.testng.internal.Invoker.invokeTestMethods(Invoker.java:1177)
	at org.testng.internal.TestMethodWorker.invokeTestMethods(TestMethodWorker.java:129)
	at org.testng.internal.TestMethodWorker.run(TestMethodWorker.java:112)
	at org.testng.TestRunner.privateRun(TestRunner.java:756)
	at org.testng.TestRunner.run(TestRunner.java:610)
	at org.testng.SuiteRunner.runTest(SuiteRunner.java:387)
	at org.testng.SuiteRunner.runSequentially(SuiteRunner.java:382)
	at org.testng.SuiteRunner.privateRun(SuiteRunner.java:340)
	at org.testng.SuiteRunner.run(SuiteRunner.java:289)
	at org.testng.SuiteRunnerWorker.runSuite(SuiteRunnerWorker.java:52)
	at org.testng.SuiteRunnerWorker.run(SuiteRunnerWorker.java:86)
	at org.testng.TestNG.runSuitesSequentially(TestNG.java:1293)
	at org.testng.TestNG.runSuitesLocally(TestNG.java:1218)
	at org.testng.TestNG.runSuites(TestNG.java:1133)
	at org.testng.TestNG.run(TestNG.java:1104)
	at org.testng.remote.AbstractRemoteTestNG.run(AbstractRemoteTestNG.java:132)
	at org.testng.remote.RemoteTestNG.initAndRun(RemoteTestNG.java:236)
	at org.testng.remote.RemoteTestNG.main(RemoteTestNG.java:81)
]]>
    </error>
  </testcase> <!-- ReadCaptchaData -->
</testsuite> <!-- com.OCR.ReadCaptcha -->
