<?xml version="1.0" encoding="UTF-8"?>
<!-- Generated by org.testng.reporters.JUnitReportReporter -->
<testsuite name="com.TestCases.MyFirstTestcase" tests="1" time="22.008" ignored="0" failures="0" timestamp="30 Jan 2021 05:24:15 GMT" skipped="0" hostname="LAPTOP-Q7E6F0R0" errors="0">
  <testcase name="TestCase1" time="22.008" classname="com.TestCases.MyFirstTestcase"/>
</testsuite> <!-- com.TestCases.MyFirstTestcase -->
