<?xml version="1.0" encoding="UTF-8"?>
<!-- Generated by org.testng.reporters.JUnitReportReporter -->
<testsuite name="javaQuestions.SumOfElementsinArray" tests="1" time="0.025" ignored="0" failures="0" timestamp="03 Jul 2021 09:02:48 GMT" skipped="0" hostname="NOD-PER-8055" errors="0">
  <testcase name="SumElements" time="0.025" classname="javaQuestions.SumOfElementsinArray"/>
</testsuite> <!-- javaQuestions.SumOfElementsinArray -->
