<?xml version="1.0" encoding="UTF-8"?>
<!-- Generated by org.testng.reporters.JUnitReportReporter -->
<testsuite skipped="0" hostname="LAPTOP-Q7E6F0R0" name="restassuredTests.DeleteRequest" tests="1" failures="0" timestamp="17 Jan 2021 10:07:56 GMT" time="6.717" errors="0">
  <testcase name="DeleteUser" time="6.717" classname="restassuredTests.DeleteRequest"/>
</testsuite> <!-- restassuredTests.DeleteRequest -->
