<?xml version="1.0" encoding="UTF-8"?>
<!-- Generated by org.testng.reporters.JUnitReportReporter -->
<testsuite skipped="0" hostname="LAPTOP-Q7E6F0R0" name="restassuredTests.PostRequest" tests="1" failures="0" timestamp="17 Jan 2021 06:08:22 GMT" time="5.738" errors="0">
  <testcase name="PostUser" time="5.738" classname="restassuredTests.PostRequest"/>
</testsuite> <!-- restassuredTests.PostRequest -->
