<?xml version="1.0" encoding="UTF-8"?>
<!-- Generated by org.testng.reporters.JUnitReportReporter -->
<testsuite skipped="0" hostname="LAPTOP-Q7E6F0R0" name="restassuredTests.PutRequest" tests="1" failures="0" timestamp="17 Jan 2021 09:55:07 GMT" time="4.498" errors="0">
  <testcase name="PostUser" time="4.498" classname="restassuredTests.PutRequest"/>
</testsuite> <!-- restassuredTests.PutRequest -->
