<?xml version="1.0" encoding="UTF-8"?>
<!-- Generated by org.testng.reporters.JUnitReportReporter -->
<testsuite skipped="0" hostname="LAPTOP-Q7E6F0R0" name="restassuredTests.VerifyDataGetRequest" tests="3" failures="0" timestamp="18 Jan 2021 04:54:26 GMT" time="5.103" errors="0">
  <testcase name="VerifySingleRec" time="0.580" classname="restassuredTests.VerifyDataGetRequest"/>
  <testcase name="VerifyMultipleRec" time="3.989" classname="restassuredTests.VerifyDataGetRequest"/>
  <testcase name="VerifyParamAndHeader" time="0.534" classname="restassuredTests.VerifyDataGetRequest"/>
</testsuite> <!-- restassuredTests.VerifyDataGetRequest -->
