<?xml version="1.0" encoding="UTF-8"?>
<!-- Generated by org.testng.reporters.JUnitReportReporter -->
<testsuite skipped="0" hostname="LAPTOP-Q7E6F0R0" name="restassuredTests.Demo1GetRequest" tests="1" failures="0" timestamp="14 Jan 2021 04:38:38 GMT" time="6.881" errors="0">
  <testcase name="GetWeather" time="6.881" classname="restassuredTests.Demo1GetRequest"/>
</testsuite> <!-- restassuredTests.Demo1GetRequest -->
