<?xml version="1.0" encoding="UTF-8"?>
<!-- Generated by org.testng.reporters.JUnitReportReporter -->
<testsuite name="com.VerifyTests.VerifyPageTitle" tests="1" time="41.305" ignored="0" failures="0" timestamp="23 May 2021 03:08:21 GMT" skipped="0" hostname="LAPTOP-Q7E6F0R0" errors="0">
  <testcase name="VerifyPageTitleInSelenium" time="41.305" classname="com.VerifyTests.VerifyPageTitle"/>
</testsuite> <!-- com.VerifyTests.VerifyPageTitle -->
