<?xml version="1.0" encoding="UTF-8"?>
<!-- Generated by org.testng.reporters.JUnitReportReporter -->
<testsuite name="com.BaseClassDemo.MainClass" tests="1" time="32.935" ignored="0" failures="0" timestamp="23 May 2021 13:04:52 GMT" skipped="0" hostname="LAPTOP-Q7E6F0R0" errors="0">
  <testcase name="TestMutipleWindows" time="32.935" classname="com.BaseClassDemo.MainClass"/>
</testsuite> <!-- com.BaseClassDemo.MainClass -->
