<?xml version="1.0" encoding="UTF-8"?>
<!-- Generated by org.testng.reporters.JUnitReportReporter -->
<testsuite name="com.ActionsDemo.RightAndDoubleClickDemo" tests="1" time="19.270" ignored="0" failures="0" timestamp="10 Apr 2021 05:07:15 GMT" skipped="0" hostname="LAPTOP-Q7E6F0R0" errors="0">
  <testcase name="TestMutipleWindows" time="19.270" classname="com.ActionsDemo.RightAndDoubleClickDemo"/>
</testsuite> <!-- com.ActionsDemo.RightAndDoubleClickDemo -->
